{
  "RSpec": {
    "coverage": {
      "/home/nina/Área de Trabalho/ruby_projects/phonebook_d2/config/environment.rb": {
        "lines": [
          null,
          1,
          null,
          null,
          1
        ]
      },
      "/home/nina/Área de Trabalho/ruby_projects/phonebook_d2/config/application.rb": {
        "lines": [
          1,
          null,
          1,
          null,
          null,
          null,
          1,
          null,
          1,
          1,
          null,
          1,
          null,
          null,
          null,
          null,
          1,
          null,
          null,
          null,
          null,
          null,
          null,
          null,
          null,
          null,
          null
        ]
      },
      "/home/nina/Área de Trabalho/ruby_projects/phonebook_d2/config/boot.rb": {
        "lines": [
          1,
          null,
          1,
          1
        ]
      },
      "/home/nina/Área de Trabalho/ruby_projects/phonebook_d2/config/environments/test.rb": {
        "lines": [
          1,
          null,
          1,
          1,
          1,
          1,
          1,
          null,
          null,
          null,
          1,
          1,
          1,
          1,
          1,
          1,
          1,
          1,
          1,
          1,
          1,
          1,
          null
        ]
      },
      "/home/nina/Área de Trabalho/ruby_projects/phonebook_d2/config/initializers/assets.rb": {
        "lines": [
          null,
          null,
          null,
          1,
          null,
          null,
          null,
          null,
          null,
          null,
          null,
          null
        ]
      },
      "/home/nina/Área de Trabalho/ruby_projects/phonebook_d2/config/initializers/content_security_policy.rb": {
        "lines": [
          null,
          null,
          null,
          null,
          null,
          null,
          null,
          null,
          null,
          null,
          null,
          null,
          null,
          null,
          null,
          null,
          null,
          null,
          null,
          null,
          null,
          null,
          null,
          null,
          null
        ]
      },
      "/home/nina/Área de Trabalho/ruby_projects/phonebook_d2/config/initializers/devise.rb": {
        "lines": [
          null,
          null,
          null,
          null,
          null,
          null,
          null,
          null,
          null,
          null,
          1,
          null,
          null,
          null,
          null,
          null,
          null,
          null,
          null,
          null,
          null,
          null,
          null,
          null,
          null,
          null,
          1,
          null,
          null,
          null,
          null,
          null,
          null,
          null,
          null,
          null,
          null,
          null,
          1,
          null,
          null,
          null,
          null,
          null,
          null,
          null,
          null,
          null,
          null,
          null,
          null,
          null,
          null,
          null,
          null,
          null,
          null,
          null,
          null,
          null,
          1,
          null,
          null,
          null,
          null,
          1,
          null,
          null,
          null,
          null,
          null,
          null,
          null,
          null,
          null,
          null,
          null,
          null,
          null,
          null,
          null,
          null,
          null,
          null,
          null,
          null,
          null,
          null,
          null,
          null,
          null,
          null,
          null,
          null,
          null,
          null,
          null,
          null,
          null,
          1,
          null,
          null,
          null,
          null,
          null,
          null,
          null,
          null,
          null,
          null,
          null,
          null,
          null,
          null,
          null,
          null,
          null,
          null,
          null,
          null,
          null,
          null,
          null,
          null,
          null,
          1,
          null,
          null,
          null,
          null,
          null,
          null,
          null,
          null,
          null,
          null,
          null,
          null,
          null,
          null,
          null,
          null,
          null,
          null,
          null,
          null,
          null,
          null,
          null,
          null,
          null,
          null,
          null,
          null,
          null,
          null,
          null,
          null,
          null,
          1,
          null,
          null,
          null,
          null,
          null,
          null,
          null,
          null,
          null,
          1,
          null,
          null,
          null,
          null,
          null,
          null,
          null,
          null,
          null,
          null,
          1,
          null,
          null,
          null,
          null,
          1,
          null,
          null,
          null,
          null,
          null,
          null,
          null,
          null,
          null,
          null,
          null,
          null,
          null,
          null,
          null,
          null,
          null,
          null,
          null,
          null,
          null,
          null,
          null,
          null,
          null,
          null,
          null,
          null,
          null,
          null,
          null,
          null,
          null,
          null,
          null,
          null,
          null,
          null,
          null,
          null,
          1,
          null,
          null,
          null,
          null,
          null,
          null,
          null,
          null,
          null,
          null,
          null,
          null,
          null,
          null,
          null,
          null,
          null,
          null,
          null,
          null,
          null,
          null,
          null,
          null,
          null,
          null,
          null,
          null,
          null,
          null,
          null,
          null,
          null,
          null,
          null,
          null,
          null,
          null,
          null,
          null,
          null,
          1,
          null,
          null,
          null,
          null,
          null,
          null,
          null,
          null,
          null,
          null,
          null,
          null,
          null,
          null,
          null,
          null,
          null,
          null,
          null,
          null,
          null,
          null,
          null,
          null,
          null,
          null,
          null,
          null,
          null,
          null,
          null,
          null,
          null,
          null,
          null,
          1,
          1,
          null,
          null,
          null,
          null,
          null,
          null,
          null
        ]
      },
      "/home/nina/Área de Trabalho/ruby_projects/phonebook_d2/config/initializers/filter_parameter_logging.rb": {
        "lines": [
          null,
          null,
          null,
          null,
          null,
          1,
          null,
          null
        ]
      },
      "/home/nina/Área de Trabalho/ruby_projects/phonebook_d2/config/initializers/inflections.rb": {
        "lines": [
          null,
          null,
          null,
          null,
          null,
          null,
          null,
          null,
          null,
          null,
          null,
          null,
          null,
          null,
          null,
          null
        ]
      },
      "/home/nina/Área de Trabalho/ruby_projects/phonebook_d2/config/initializers/permissions_policy.rb": {
        "lines": [
          null,
          null,
          null,
          null,
          null,
          null,
          null,
          null,
          null,
          null,
          null,
          null,
          null
        ]
      },
      "/home/nina/Área de Trabalho/ruby_projects/phonebook_d2/spec/factories/users.rb": {
        "lines": [
          1,
          1,
          17,
          17,
          17,
          null,
          null,
          null,
          1,
          1,
          2,
          2,
          2,
          2,
          1,
          null,
          null
        ]
      },
      "/home/nina/Área de Trabalho/ruby_projects/phonebook_d2/config/routes.rb": {
        "lines": [
          1,
          1,
          1,
          1,
          null
        ]
      },
      "/home/nina/Área de Trabalho/ruby_projects/phonebook_d2/app/models/user.rb": {
        "lines": [
          1,
          null,
          null,
          1,
          null,
          null,
          1,
          null
        ]
      },
      "/home/nina/Área de Trabalho/ruby_projects/phonebook_d2/app/models/application_record.rb": {
        "lines": [
          1,
          1,
          null
        ]
      },
      "/home/nina/Área de Trabalho/ruby_projects/phonebook_d2/app/helpers/application_helper.rb": {
        "lines": [
          1,
          null
        ]
      },
      "/home/nina/Área de Trabalho/ruby_projects/phonebook_d2/app/helpers/contacts_helper.rb": {
        "lines": [
          1,
          null
        ]
      },
      "/home/nina/Área de Trabalho/ruby_projects/phonebook_d2/app/helpers/home_helper.rb": {
        "lines": [
          1,
          null
        ]
      },
      "/home/nina/Área de Trabalho/ruby_projects/phonebook_d2/spec/support/controller_macros.rb": {
        "lines": [
          1,
          1,
          1,
          14,
          14,
          14,
          null,
          null,
          null
        ]
      },
      "/home/nina/Área de Trabalho/ruby_projects/phonebook_d2/app/controllers/contacts_controller.rb": {
        "lines": [
          1,
          1,
          1,
          1,
          null,
          null,
          1,
          3,
          3,
          3,
          1,
          null,
          null,
          null,
          0,
          null,
          null,
          null,
          null,
          1,
          null,
          null,
          1,
          2,
          null,
          null,
          null,
          1,
          null,
          null,
          1,
          4,
          null,
          4,
          4,
          6,
          3,
          null,
          2,
          1,
          null,
          null,
          null,
          null,
          null,
          1,
          4,
          4,
          6,
          3,
          null,
          2,
          1,
          null,
          null,
          null,
          null,
          null,
          1,
          2,
          null,
          2,
          4,
          2,
          null,
          null,
          null,
          1,
          8,
          8,
          null,
          0,
          null,
          null,
          1,
          null,
          null,
          1,
          11,
          null,
          null,
          null,
          1,
          8,
          null,
          null
        ]
      },
      "/home/nina/Área de Trabalho/ruby_projects/phonebook_d2/app/controllers/application_controller.rb": {
        "lines": [
          1,
          null
        ]
      },
      "/home/nina/Área de Trabalho/ruby_projects/phonebook_d2/spec/features/contacts_spec.rb": {
        "lines": [
          1,
          null,
          1,
          3,
          null,
          1,
          2,
          null,
          null,
          1,
          1,
          1,
          1,
          1,
          1,
          1,
          null,
          1,
          null,
          null,
          1,
          1,
          1,
          1,
          1,
          null,
          1,
          null,
          null
        ]
      },
      "/home/nina/Área de Trabalho/ruby_projects/phonebook_d2/spec/models/contact_spec.rb": {
        "lines": [
          1,
          null,
          1,
          1,
          1,
          1,
          null,
          null,
          null,
          null,
          null,
          null,
          1,
          null,
          null,
          1,
          1,
          1,
          null,
          null,
          1,
          1,
          1,
          null,
          null,
          1,
          1,
          1,
          null,
          null
        ]
      },
      "/home/nina/Área de Trabalho/ruby_projects/phonebook_d2/app/models/contact.rb": {
        "lines": [
          1,
          1,
          null,
          1,
          1,
          1,
          null
        ]
      },
      "/home/nina/Área de Trabalho/ruby_projects/phonebook_d2/spec/models/user_spec.rb": {
        "lines": [
          1,
          null,
          1,
          1,
          1,
          1,
          null,
          null,
          1,
          1,
          1,
          null,
          null,
          1,
          1,
          1,
          null,
          null
        ]
      },
      "/home/nina/Área de Trabalho/ruby_projects/phonebook_d2/spec/routes/contacts_routes_spec.rb": {
        "lines": [
          1,
          null,
          1,
          1,
          1,
          1,
          null,
          null,
          1,
          1,
          null,
          null,
          1,
          1,
          null,
          null,
          1,
          1,
          null,
          null,
          1,
          1,
          null,
          null,
          1,
          1,
          null,
          null,
          1,
          1,
          null,
          null,
          1,
          1,
          null,
          null,
          null
        ]
      }
    },
    "timestamp": 1721303202
  }
}
